Using pre-set license
Built from '2020.3/staging' branch; Version is '2020.3.26f1 (7298b473bc1a) revision 7510196'; Using compiler version '192528614'; Build Type 'Release'
OS: 'Windows 10  (10.0.19044) 64bit Professional' Language: 'tr' Physical Memory: 16319 MB
BatchMode: 1, IsHumanControllingUs: 0, StartBugReporterOnCrash: 0, Is64bit: 1, IsPro: 0

COMMAND LINE ARGUMENTS:
C:\Program Files\Unity\Hub\Editor\2020.3.26f1\Editor\Unity.exe
-adb2
-batchMode
-noUpm
-name
AssetImportWorker0
-projectPath
C:/Users/Kharalos/Desktop/Unity/Duality-Game
-logFile
Logs/AssetImportWorker0.log
-srvPort
63679
Successfully changed project path to: C:/Users/Kharalos/Desktop/Unity/Duality-Game
C:/Users/Kharalos/Desktop/Unity/Duality-Game
Using Asset Import Pipeline V2.
Refreshing native plugins compatible for Editor in 92.26 ms, found 2 plugins.
Preloading 0 native plugins for Editor in 0.00 ms.
Initialize engine version: 2020.3.26f1 (7298b473bc1a)
[Subsystems] Discovering subsystems at path C:/Program Files/Unity/Hub/Editor/2020.3.26f1/Editor/Data/Resources/UnitySubsystems
[Subsystems] Discovering subsystems at path C:/Users/Kharalos/Desktop/Unity/Duality-Game/Assets
GfxDevice: creating device client; threaded=0
Direct3D:
    Version:  Direct3D 11.0 [level 11.1]
    Renderer: NVIDIA GeForce GTX 1660 Ti (ID=0x2182)
    Vendor:   
    VRAM:     5991 MB
    Driver:   30.0.15.1123
Initialize mono
Mono path[0] = 'C:/Program Files/Unity/Hub/Editor/2020.3.26f1/Editor/Data/Managed'
Mono path[1] = 'C:/Program Files/Unity/Hub/Editor/2020.3.26f1/Editor/Data/MonoBleedingEdge/lib/mono/unityjit'
Mono config path = 'C:/Program Files/Unity/Hub/Editor/2020.3.26f1/Editor/Data/MonoBleedingEdge/etc'
Using monoOptions --debugger-agent=transport=dt_socket,embedding=1,server=y,suspend=n,address=127.0.0.1:56536
Begin MonoManager ReloadAssembly
Registering precompiled unity dll's ...
Register platform support module: C:/Program Files/Unity/Hub/Editor/2020.3.26f1/Editor/Data/PlaybackEngines/WebGLSupport/UnityEditor.WebGL.Extensions.dll
Register platform support module: C:/Program Files/Unity/Hub/Editor/2020.3.26f1/Editor/Data/PlaybackEngines/WindowsStandaloneSupport/UnityEditor.WindowsStandalone.Extensions.dll
Registered in 0.004610 seconds.
Native extension for WindowsStandalone target not found
Native extension for WebGL target not found
Refreshing native plugins compatible for Editor in 76.48 ms, found 2 plugins.
Preloading 0 native plugins for Editor in 0.00 ms.
Mono: successfully reloaded assembly
- Completed reload, in  0.800 seconds
Domain Reload Profiling:
	ReloadAssembly (800ms)
		BeginReloadAssembly (101ms)
			ExecutionOrderSort (0ms)
			DisableScriptedObjects (0ms)
			BackupInstance (0ms)
			ReleaseScriptingObjects (0ms)
			CreateAndSetChildDomain (1ms)
		EndReloadAssembly (587ms)
			LoadAssemblies (96ms)
			RebuildTransferFunctionScriptingTraits (0ms)
			SetupTypeCache (181ms)
			ReleaseScriptCaches (0ms)
			RebuildScriptCaches (35ms)
			SetupLoadedEditorAssemblies (236ms)
				LogAssemblyErrors (0ms)
				InitializePlatformSupportModulesInManaged (6ms)
				SetLoadedEditorAssemblies (0ms)
				RefreshPlugins (77ms)
				BeforeProcessingInitializeOnLoad (22ms)
				ProcessInitializeOnLoadAttributes (98ms)
				ProcessInitializeOnLoadMethodAttributes (33ms)
				AfterProcessingInitializeOnLoad (0ms)
				EditorAssembliesLoaded (0ms)
			ExecutionOrderSort2 (0ms)
			AwakeInstancesAfterBackupRestoration (0ms)
Platform modules already initialized, skipping
Registering precompiled user dll's ...
Registered in 0.005393 seconds.
Begin MonoManager ReloadAssembly
Native extension for WindowsStandalone target not found
Native extension for WebGL target not found
Refreshing native plugins compatible for Editor in 87.48 ms, found 2 plugins.
Preloading 0 native plugins for Editor in 0.00 ms.
Mono: successfully reloaded assembly
- Completed reload, in  1.685 seconds
Domain Reload Profiling:
	ReloadAssembly (1686ms)
		BeginReloadAssembly (243ms)
			ExecutionOrderSort (0ms)
			DisableScriptedObjects (6ms)
			BackupInstance (0ms)
			ReleaseScriptingObjects (0ms)
			CreateAndSetChildDomain (32ms)
		EndReloadAssembly (1355ms)
			LoadAssemblies (151ms)
			RebuildTransferFunctionScriptingTraits (0ms)
			SetupTypeCache (471ms)
			ReleaseScriptCaches (1ms)
			RebuildScriptCaches (66ms)
			SetupLoadedEditorAssemblies (510ms)
				LogAssemblyErrors (0ms)
				InitializePlatformSupportModulesInManaged (5ms)
				SetLoadedEditorAssemblies (0ms)
				RefreshPlugins (88ms)
				BeforeProcessingInitializeOnLoad (133ms)
				ProcessInitializeOnLoadAttributes (259ms)
				ProcessInitializeOnLoadMethodAttributes (14ms)
				AfterProcessingInitializeOnLoad (11ms)
				EditorAssembliesLoaded (0ms)
			ExecutionOrderSort2 (0ms)
			AwakeInstancesAfterBackupRestoration (9ms)
Platform modules already initialized, skipping
========================================================================
Worker process is ready to serve import requests
Launched and connected shader compiler UnityShaderCompiler.exe after 0.09 seconds
Refreshing native plugins compatible for Editor in 1.35 ms, found 2 plugins.
Preloading 0 native plugins for Editor in 0.00 ms.
Unloading 3417 Unused Serialized files (Serialized files now loaded: 0)
System memory in use before: 230.1 MB.
System memory in use after: 230.3 MB.

Unloading 21 unused Assets to reduce memory usage. Loaded Objects now: 3877.
Total: 7.226200 ms (FindLiveObjects: 0.518700 ms CreateObjectMapping: 0.218500 ms MarkObjects: 6.359200 ms  DeleteObjects: 0.127300 ms)

AssetImportParameters requested are different than current active one (requested -> active):
  custom:framework-win-MediaFoundation: 216162199b28c13a410421893ffa2e32 -> 
  custom:video-decoder-ogg-theora: a1e56fd34408186e4bbccfd4996cb3dc -> 
  custom:container-muxer-webm: aa71ff27fc2769a1b78a27578f13a17b -> 
  custom:container-demuxer-webm: 4f35f7cbe854078d1ac9338744f61a02 -> 
  custom:container-demuxer-ogg: 62fdf1f143b41e24485cea50d1cbac27 -> 
  custom:video-encoder-webm-vp8: eb34c28f22e8b96e1ab97ce403110664 -> 
  custom:video-decoder-webm-vp8: 9c59270c3fd7afecdb556c50c9e8de78 -> 
  custom:audio-decoder-ogg-vorbis: bf7c407c2cedff20999df2af8eb42d56 -> 
  custom:audio-encoder-webm-vorbis: bf7c407c2cedff20999df2af8eb42d56 -> 
========================================================================
Received Import Request.
  path: Assets/Scripts/HUDManager.cs
  artifactKey: Guid(631e4e3ec64d3224a957b8bb328c32ae) Importer(815301076,1909f56bfc062723c751e8b465ee728b)
Start importing Assets/Scripts/HUDManager.cs using Guid(631e4e3ec64d3224a957b8bb328c32ae) Importer(815301076,1909f56bfc062723c751e8b465ee728b)  -> (artifact id: '0d75283655c2f75f5a7db37b2d30ea8a') in 0.068266 seconds 
  Import took 0.076362 seconds .

========================================================================
Received Prepare
Registering precompiled user dll's ...
Registered in 0.008524 seconds.
Begin MonoManager ReloadAssembly
Native extension for WindowsStandalone target not found
Native extension for WebGL target not found
Refreshing native plugins compatible for Editor in 1.27 ms, found 2 plugins.
Preloading 0 native plugins for Editor in 0.00 ms.
Mono: successfully reloaded assembly
- Completed reload, in  3.233 seconds
Domain Reload Profiling:
	ReloadAssembly (3235ms)
		BeginReloadAssembly (756ms)
			ExecutionOrderSort (0ms)
			DisableScriptedObjects (12ms)
			BackupInstance (0ms)
			ReleaseScriptingObjects (0ms)
			CreateAndSetChildDomain (82ms)
		EndReloadAssembly (1735ms)
			LoadAssemblies (820ms)
			RebuildTransferFunctionScriptingTraits (0ms)
			SetupTypeCache (585ms)
			ReleaseScriptCaches (2ms)
			RebuildScriptCaches (66ms)
			SetupLoadedEditorAssemblies (614ms)
				LogAssemblyErrors (0ms)
				InitializePlatformSupportModulesInManaged (7ms)
				SetLoadedEditorAssemblies (1ms)
				RefreshPlugins (1ms)
				BeforeProcessingInitializeOnLoad (196ms)
				ProcessInitializeOnLoadAttributes (387ms)
				ProcessInitializeOnLoadMethodAttributes (11ms)
				AfterProcessingInitializeOnLoad (11ms)
				EditorAssembliesLoaded (0ms)
			ExecutionOrderSort2 (0ms)
			AwakeInstancesAfterBackupRestoration (14ms)
Platform modules already initialized, skipping
Refreshing native plugins compatible for Editor in 1.25 ms, found 2 plugins.
Preloading 0 native plugins for Editor in 0.00 ms.
Unloading 3244 Unused Serialized files (Serialized files now loaded: 0)
System memory in use before: 216.5 MB.
System memory in use after: 216.8 MB.

Unloading 12 unused Assets to reduce memory usage. Loaded Objects now: 3879.
Total: 5.697200 ms (FindLiveObjects: 0.517000 ms CreateObjectMapping: 0.213100 ms MarkObjects: 4.937900 ms  DeleteObjects: 0.027400 ms)

AssetImportParameters requested are different than current active one (requested -> active):
  custom:framework-win-MediaFoundation: 216162199b28c13a410421893ffa2e32 -> 
  custom:video-decoder-ogg-theora: a1e56fd34408186e4bbccfd4996cb3dc -> 
  custom:container-muxer-webm: aa71ff27fc2769a1b78a27578f13a17b -> 
  custom:container-demuxer-webm: 4f35f7cbe854078d1ac9338744f61a02 -> 
  custom:container-demuxer-ogg: 62fdf1f143b41e24485cea50d1cbac27 -> 
  custom:video-encoder-webm-vp8: eb34c28f22e8b96e1ab97ce403110664 -> 
  custom:video-decoder-webm-vp8: 9c59270c3fd7afecdb556c50c9e8de78 -> 
  custom:audio-decoder-ogg-vorbis: bf7c407c2cedff20999df2af8eb42d56 -> 
  custom:audio-encoder-webm-vorbis: bf7c407c2cedff20999df2af8eb42d56 -> 
========================================================================
Received Prepare
Registering precompiled user dll's ...
Registered in 0.005193 seconds.
Begin MonoManager ReloadAssembly
Native extension for WindowsStandalone target not found
Native extension for WebGL target not found
Refreshing native plugins compatible for Editor in 1.06 ms, found 2 plugins.
Preloading 0 native plugins for Editor in 0.00 ms.
Mono: successfully reloaded assembly
- Completed reload, in  1.266 seconds
Domain Reload Profiling:
	ReloadAssembly (1266ms)
		BeginReloadAssembly (141ms)
			ExecutionOrderSort (0ms)
			DisableScriptedObjects (7ms)
			BackupInstance (0ms)
			ReleaseScriptingObjects (0ms)
			CreateAndSetChildDomain (38ms)
		EndReloadAssembly (1046ms)
			LoadAssemblies (117ms)
			RebuildTransferFunctionScriptingTraits (0ms)
			SetupTypeCache (349ms)
			ReleaseScriptCaches (1ms)
			RebuildScriptCaches (49ms)
			SetupLoadedEditorAssemblies (396ms)
				LogAssemblyErrors (0ms)
				InitializePlatformSupportModulesInManaged (6ms)
				SetLoadedEditorAssemblies (1ms)
				RefreshPlugins (1ms)
				BeforeProcessingInitializeOnLoad (117ms)
				ProcessInitializeOnLoadAttributes (251ms)
				ProcessInitializeOnLoadMethodAttributes (10ms)
				AfterProcessingInitializeOnLoad (10ms)
				EditorAssembliesLoaded (0ms)
			ExecutionOrderSort2 (0ms)
			AwakeInstancesAfterBackupRestoration (12ms)
Platform modules already initialized, skipping
Refreshing native plugins compatible for Editor in 1.03 ms, found 2 plugins.
Preloading 0 native plugins for Editor in 0.00 ms.
Unloading 3244 Unused Serialized files (Serialized files now loaded: 0)
System memory in use before: 216.6 MB.
System memory in use after: 216.8 MB.

Unloading 12 unused Assets to reduce memory usage. Loaded Objects now: 3881.
Total: 3.841700 ms (FindLiveObjects: 0.317900 ms CreateObjectMapping: 0.085400 ms MarkObjects: 3.421700 ms  DeleteObjects: 0.015600 ms)

AssetImportParameters requested are different than current active one (requested -> active):
  custom:framework-win-MediaFoundation: 216162199b28c13a410421893ffa2e32 -> 
  custom:video-decoder-ogg-theora: a1e56fd34408186e4bbccfd4996cb3dc -> 
  custom:container-muxer-webm: aa71ff27fc2769a1b78a27578f13a17b -> 
  custom:container-demuxer-webm: 4f35f7cbe854078d1ac9338744f61a02 -> 
  custom:container-demuxer-ogg: 62fdf1f143b41e24485cea50d1cbac27 -> 
  custom:video-encoder-webm-vp8: eb34c28f22e8b96e1ab97ce403110664 -> 
  custom:video-decoder-webm-vp8: 9c59270c3fd7afecdb556c50c9e8de78 -> 
  custom:audio-decoder-ogg-vorbis: bf7c407c2cedff20999df2af8eb42d56 -> 
  custom:audio-encoder-webm-vorbis: bf7c407c2cedff20999df2af8eb42d56 -> 
========================================================================
Received Prepare
Registering precompiled user dll's ...
Registered in 0.005081 seconds.
Begin MonoManager ReloadAssembly
Native extension for WindowsStandalone target not found
Native extension for WebGL target not found
Refreshing native plugins compatible for Editor in 0.72 ms, found 2 plugins.
Preloading 0 native plugins for Editor in 0.00 ms.
Mono: successfully reloaded assembly
- Completed reload, in  1.303 seconds
Domain Reload Profiling:
	ReloadAssembly (1304ms)
		BeginReloadAssembly (147ms)
			ExecutionOrderSort (0ms)
			DisableScriptedObjects (10ms)
			BackupInstance (0ms)
			ReleaseScriptingObjects (0ms)
			CreateAndSetChildDomain (37ms)
		EndReloadAssembly (1069ms)
			LoadAssemblies (120ms)
			RebuildTransferFunctionScriptingTraits (0ms)
			SetupTypeCache (356ms)
			ReleaseScriptCaches (1ms)
			RebuildScriptCaches (49ms)
			SetupLoadedEditorAssemblies (410ms)
				LogAssemblyErrors (0ms)
				InitializePlatformSupportModulesInManaged (5ms)
				SetLoadedEditorAssemblies (1ms)
				RefreshPlugins (1ms)
				BeforeProcessingInitializeOnLoad (125ms)
				ProcessInitializeOnLoadAttributes (256ms)
				ProcessInitializeOnLoadMethodAttributes (11ms)
				AfterProcessingInitializeOnLoad (10ms)
				EditorAssembliesLoaded (0ms)
			ExecutionOrderSort2 (0ms)
			AwakeInstancesAfterBackupRestoration (12ms)
Platform modules already initialized, skipping
Refreshing native plugins compatible for Editor in 0.76 ms, found 2 plugins.
Preloading 0 native plugins for Editor in 0.00 ms.
Unloading 3244 Unused Serialized files (Serialized files now loaded: 0)
System memory in use before: 216.6 MB.
System memory in use after: 216.9 MB.

Unloading 12 unused Assets to reduce memory usage. Loaded Objects now: 3883.
Total: 4.522100 ms (FindLiveObjects: 0.315100 ms CreateObjectMapping: 0.239100 ms MarkObjects: 3.946800 ms  DeleteObjects: 0.019400 ms)

AssetImportParameters requested are different than current active one (requested -> active):
  custom:framework-win-MediaFoundation: 216162199b28c13a410421893ffa2e32 -> 
  custom:video-decoder-ogg-theora: a1e56fd34408186e4bbccfd4996cb3dc -> 
  custom:container-muxer-webm: aa71ff27fc2769a1b78a27578f13a17b -> 
  custom:container-demuxer-webm: 4f35f7cbe854078d1ac9338744f61a02 -> 
  custom:container-demuxer-ogg: 62fdf1f143b41e24485cea50d1cbac27 -> 
  custom:video-encoder-webm-vp8: eb34c28f22e8b96e1ab97ce403110664 -> 
  custom:video-decoder-webm-vp8: 9c59270c3fd7afecdb556c50c9e8de78 -> 
  custom:audio-decoder-ogg-vorbis: bf7c407c2cedff20999df2af8eb42d56 -> 
  custom:audio-encoder-webm-vorbis: bf7c407c2cedff20999df2af8eb42d56 -> 
========================================================================
Received Import Request.
  Time since last request: 1331.292038 seconds.
  path: Assets/Resources/Sprites/Bullet@4x.png
  artifactKey: Guid(ee48e1ec0c4eddc4ba7adeb88f0d58fa) Importer(815301076,1909f56bfc062723c751e8b465ee728b)
Start importing Assets/Resources/Sprites/Bullet@4x.png using Guid(ee48e1ec0c4eddc4ba7adeb88f0d58fa) Importer(815301076,1909f56bfc062723c751e8b465ee728b)  -> (artifact id: '16192b8edd6b4bfc7aa92f1aa7bfca57') in 0.134523 seconds 
  Import took 0.141893 seconds .

========================================================================
Received Import Request.
  Time since last request: 35.873162 seconds.
  path: Assets/Resources/Sprites/2DUI.preset
  artifactKey: Guid(5d943260cd0fd6f44812cbda1bc31778) Importer(815301076,1909f56bfc062723c751e8b465ee728b)
Start importing Assets/Resources/Sprites/2DUI.preset using Guid(5d943260cd0fd6f44812cbda1bc31778) Importer(815301076,1909f56bfc062723c751e8b465ee728b)  -> (artifact id: '81a6469ebfcf2b7db6c520466826d006') in 0.020738 seconds 
  Import took 0.027945 seconds .

========================================================================
Received Import Request.
  Time since last request: 5.230865 seconds.
  path: Assets/Resources/Sprites/Bullet@4x.png
  artifactKey: Guid(ee48e1ec0c4eddc4ba7adeb88f0d58fa) Importer(815301076,1909f56bfc062723c751e8b465ee728b)
Start importing Assets/Resources/Sprites/Bullet@4x.png using Guid(ee48e1ec0c4eddc4ba7adeb88f0d58fa) Importer(815301076,1909f56bfc062723c751e8b465ee728b)  -> (artifact id: '52bf6d77cc00b793e5dc7df866aaf676') in 0.060527 seconds 
  Import took 0.066123 seconds .

========================================================================
Received Import Request.
  Time since last request: 43.686414 seconds.
  path: Assets/Resources/Sprites/Bullet@4x.png
  artifactKey: Guid(ee48e1ec0c4eddc4ba7adeb88f0d58fa) Importer(815301076,1909f56bfc062723c751e8b465ee728b)
Start importing Assets/Resources/Sprites/Bullet@4x.png using Guid(ee48e1ec0c4eddc4ba7adeb88f0d58fa) Importer(815301076,1909f56bfc062723c751e8b465ee728b)  -> (artifact id: '8ff1cb60f9620c17a33145fd7a6ba99e') in 0.020749 seconds 
  Import took 0.026364 seconds .

========================================================================
Received Import Request.
  Time since last request: 388.640338 seconds.
  path: Assets/Resources/Sprites/Bullet@4x.png
  artifactKey: Guid(ee48e1ec0c4eddc4ba7adeb88f0d58fa) Importer(815301076,1909f56bfc062723c751e8b465ee728b)
Start importing Assets/Resources/Sprites/Bullet@4x.png using Guid(ee48e1ec0c4eddc4ba7adeb88f0d58fa) Importer(815301076,1909f56bfc062723c751e8b465ee728b)  -> (artifact id: '6936657c6b24bbbb0c3357e180bec41a') in 0.021296 seconds 
  Import took 0.027636 seconds .

========================================================================
Received Import Request.
  Time since last request: 3.713154 seconds.
  path: Assets/Resources/Sprites/Bullet@4x.png
  artifactKey: Guid(ee48e1ec0c4eddc4ba7adeb88f0d58fa) Importer(815301076,1909f56bfc062723c751e8b465ee728b)
Start importing Assets/Resources/Sprites/Bullet@4x.png using Guid(ee48e1ec0c4eddc4ba7adeb88f0d58fa) Importer(815301076,1909f56bfc062723c751e8b465ee728b)  -> (artifact id: '545423f40f491ca5ecaaab7f13195ce6') in 0.020749 seconds 
  Import took 0.027013 seconds .

========================================================================
Received Import Request.
  Time since last request: 2.499797 seconds.
  path: Assets/Resources/Sprites/Bullet@4x.png
  artifactKey: Guid(ee48e1ec0c4eddc4ba7adeb88f0d58fa) Importer(815301076,1909f56bfc062723c751e8b465ee728b)
Start importing Assets/Resources/Sprites/Bullet@4x.png using Guid(ee48e1ec0c4eddc4ba7adeb88f0d58fa) Importer(815301076,1909f56bfc062723c751e8b465ee728b)  -> (artifact id: 'c5764ce3a839081ce1122a86dd5d19a2') in 0.015718 seconds 
  Import took 0.022186 seconds .

========================================================================
Received Import Request.
  Time since last request: 5.614305 seconds.
  path: Assets/Resources/Sprites/Bullet@4x.png
  artifactKey: Guid(ee48e1ec0c4eddc4ba7adeb88f0d58fa) Importer(815301076,1909f56bfc062723c751e8b465ee728b)
Start importing Assets/Resources/Sprites/Bullet@4x.png using Guid(ee48e1ec0c4eddc4ba7adeb88f0d58fa) Importer(815301076,1909f56bfc062723c751e8b465ee728b)  -> (artifact id: 'f47ad9cee763243a51031facd694213e') in 0.019721 seconds 
  Import took 0.025399 seconds .

========================================================================
Received Import Request.
  Time since last request: 8.586130 seconds.
  path: Assets/Resources/Sprites/Bullet@4x.png
  artifactKey: Guid(ee48e1ec0c4eddc4ba7adeb88f0d58fa) Importer(815301076,1909f56bfc062723c751e8b465ee728b)
Start importing Assets/Resources/Sprites/Bullet@4x.png using Guid(ee48e1ec0c4eddc4ba7adeb88f0d58fa) Importer(815301076,1909f56bfc062723c751e8b465ee728b)  -> (artifact id: '6846a124b5a4ab1e4ab5636fa2b0f07b') in 0.018404 seconds 
  Import took 0.024338 seconds .

========================================================================
Received Import Request.
  Time since last request: 2.937553 seconds.
  path: Assets/Resources/Sprites/Bullet@4x.png
  artifactKey: Guid(ee48e1ec0c4eddc4ba7adeb88f0d58fa) Importer(815301076,1909f56bfc062723c751e8b465ee728b)
Start importing Assets/Resources/Sprites/Bullet@4x.png using Guid(ee48e1ec0c4eddc4ba7adeb88f0d58fa) Importer(815301076,1909f56bfc062723c751e8b465ee728b)  -> (artifact id: 'fcaba9f41301bc0d31e7b88ce115000d') in 0.014763 seconds 
  Import took 0.020735 seconds .

========================================================================
Received Import Request.
  Time since last request: 2.971884 seconds.
  path: Assets/Resources/Sprites/Bullet@4x.png
  artifactKey: Guid(ee48e1ec0c4eddc4ba7adeb88f0d58fa) Importer(815301076,1909f56bfc062723c751e8b465ee728b)
Start importing Assets/Resources/Sprites/Bullet@4x.png using Guid(ee48e1ec0c4eddc4ba7adeb88f0d58fa) Importer(815301076,1909f56bfc062723c751e8b465ee728b)  -> (artifact id: '1e48c209aa1cfec06eaa63c401f6c99e') in 0.016235 seconds 
  Import took 0.022339 seconds .

========================================================================
Received Import Request.
  Time since last request: 21.684427 seconds.
  path: Assets/Resources/Sprites/Circle@8x.png
  artifactKey: Guid(29f13267c244e104f9e7cc6aa800dd60) Importer(815301076,1909f56bfc062723c751e8b465ee728b)
Start importing Assets/Resources/Sprites/Circle@8x.png using Guid(29f13267c244e104f9e7cc6aa800dd60) Importer(815301076,1909f56bfc062723c751e8b465ee728b)  -> (artifact id: 'f5fcd38cc2394f143bb6c9fd77562f75') in 0.025260 seconds 
  Import took 0.030668 seconds .

========================================================================
Received Import Request.
  Time since last request: 0.000229 seconds.
  path: Assets/Resources/Sprites/Light@8x.png
  artifactKey: Guid(07276c4a3c2d41f4681660588d2aa2b0) Importer(815301076,1909f56bfc062723c751e8b465ee728b)
Start importing Assets/Resources/Sprites/Light@8x.png using Guid(07276c4a3c2d41f4681660588d2aa2b0) Importer(815301076,1909f56bfc062723c751e8b465ee728b)  -> (artifact id: '03994a0b6ef86537a99648b2ae9a47ad') in 0.035978 seconds 
  Import took 0.041782 seconds .

========================================================================
Received Import Request.
  Time since last request: 0.000222 seconds.
  path: Assets/Resources/Sprites/Health@8x.png
  artifactKey: Guid(48be537c44ea67445a72982a356a1035) Importer(815301076,1909f56bfc062723c751e8b465ee728b)
Start importing Assets/Resources/Sprites/Health@8x.png using Guid(48be537c44ea67445a72982a356a1035) Importer(815301076,1909f56bfc062723c751e8b465ee728b)  -> (artifact id: '582ec836d216a42055d6d167490bc35d') in 0.018232 seconds 
  Import took 0.023878 seconds .

========================================================================
Received Import Request.
  Time since last request: 0.000246 seconds.
  path: Assets/Resources/Sprites/Time@8x.png
  artifactKey: Guid(4a156ff999cdd174586d8c1bf33d50ca) Importer(815301076,1909f56bfc062723c751e8b465ee728b)
Start importing Assets/Resources/Sprites/Time@8x.png using Guid(4a156ff999cdd174586d8c1bf33d50ca) Importer(815301076,1909f56bfc062723c751e8b465ee728b)  -> (artifact id: '502c9d66cb62d4b5a6aeb90a6c58351c') in 0.021423 seconds 
  Import took 0.027762 seconds .

========================================================================
Received Import Request.
  Time since last request: 0.000218 seconds.
  path: Assets/Resources/Sprites/Energy@8x.png
  artifactKey: Guid(b161bad2cb601384c8142d10d892600d) Importer(815301076,1909f56bfc062723c751e8b465ee728b)
Start importing Assets/Resources/Sprites/Energy@8x.png using Guid(b161bad2cb601384c8142d10d892600d) Importer(815301076,1909f56bfc062723c751e8b465ee728b)  -> (artifact id: '4dfd93288bf6ba180c9bc22c7cb49ce8') in 0.020708 seconds 
  Import took 0.025816 seconds .

========================================================================
Received Import Request.
  Time since last request: 162.994155 seconds.
  path: Assets/Resources/Sprites/Bullet@4x.png
  artifactKey: Guid(ee48e1ec0c4eddc4ba7adeb88f0d58fa) Importer(815301076,1909f56bfc062723c751e8b465ee728b)
Start importing Assets/Resources/Sprites/Bullet@4x.png using Guid(ee48e1ec0c4eddc4ba7adeb88f0d58fa) Importer(815301076,1909f56bfc062723c751e8b465ee728b)  -> (artifact id: 'a12209a481ed795164edeabb1a175d82') in 0.019475 seconds 
  Import took 0.025875 seconds .

========================================================================
Received Import Request.
  Time since last request: 9.856575 seconds.
  path: Assets/Resources/Sprites/Bullet@4x.png
  artifactKey: Guid(ee48e1ec0c4eddc4ba7adeb88f0d58fa) Importer(815301076,1909f56bfc062723c751e8b465ee728b)
Start importing Assets/Resources/Sprites/Bullet@4x.png using Guid(ee48e1ec0c4eddc4ba7adeb88f0d58fa) Importer(815301076,1909f56bfc062723c751e8b465ee728b)  -> (artifact id: 'b1c6c2a29026fec794de798893f012ec') in 0.018525 seconds 
  Import took 0.024725 seconds .

========================================================================
Received Import Request.
  Time since last request: 128.450354 seconds.
  path: Assets/TextMesh Pro/Fonts/LiberationSans.ttf
  artifactKey: Guid(e3265ab4bf004d28a9537516768c1c75) Importer(815301076,1909f56bfc062723c751e8b465ee728b)
Start importing Assets/TextMesh Pro/Fonts/LiberationSans.ttf using Guid(e3265ab4bf004d28a9537516768c1c75) Importer(815301076,1909f56bfc062723c751e8b465ee728b)  -> (artifact id: '239ad3c6d1f136b50c9019bef213aa88') in 0.304677 seconds 
  Import took 0.310935 seconds .

========================================================================
Received Import Request.
  Time since last request: 11.229700 seconds.
  path: Assets/Resources/Fonts
  artifactKey: Guid(d520d56614f62974881a77a54fe5f87c) Importer(815301076,1909f56bfc062723c751e8b465ee728b)
Start importing Assets/Resources/Fonts using Guid(d520d56614f62974881a77a54fe5f87c) Importer(815301076,1909f56bfc062723c751e8b465ee728b)  -> (artifact id: 'd60545c73d2fc68b463d6a4f3603bae4') in 0.009313 seconds 
  Import took 0.014792 seconds .

========================================================================
Received Import Request.
  Time since last request: 4.070847 seconds.
  path: Assets/Resources/Fonts/Prime-Regular.ttf
  artifactKey: Guid(4b0abb5239bcfc44490d33f922a4781c) Importer(815301076,1909f56bfc062723c751e8b465ee728b)
Start importing Assets/Resources/Fonts/Prime-Regular.ttf using Guid(4b0abb5239bcfc44490d33f922a4781c) Importer(815301076,1909f56bfc062723c751e8b465ee728b)  -> (artifact id: 'a82bcd23d3e56e64ffd2eb10a370d3d0') in 0.029266 seconds 
  Import took 0.034962 seconds .

========================================================================
Received Import Request.
  Time since last request: 5.375582 seconds.
  path: Assets/Resources/Fonts/Prime-Regular SDF.asset
  artifactKey: Guid(28b047a00612f8649a5b8dd3c11025ec) Importer(815301076,1909f56bfc062723c751e8b465ee728b)
Start importing Assets/Resources/Fonts/Prime-Regular SDF.asset using Guid(28b047a00612f8649a5b8dd3c11025ec) Importer(815301076,1909f56bfc062723c751e8b465ee728b)  -> (artifact id: '1f0554b7c62f6ad2644ecf3500aa4ea1') in 0.068817 seconds 
  Import took 0.074509 seconds .

========================================================================
Received Import Request.
  Time since last request: 47.515876 seconds.
  path: Assets/Resources/Fonts/Prime-Regular SDF.asset
  artifactKey: Guid(28b047a00612f8649a5b8dd3c11025ec) Importer(815301076,1909f56bfc062723c751e8b465ee728b)
Start importing Assets/Resources/Fonts/Prime-Regular SDF.asset using Guid(28b047a00612f8649a5b8dd3c11025ec) Importer(815301076,1909f56bfc062723c751e8b465ee728b)  -> (artifact id: '22f2cbfc048be48d24a601fe278992ff') in 0.047372 seconds 
  Import took 0.054966 seconds .

